android/app/build/intermediates/manifest_merge_blame_file/debug/processDebugMainManifest/manifest-merger-blame-debug-report.txt
1<?xml version="1.0" encoding="utf-8"?>
2<manifest xmlns:android="http://schemas.android.com/apk/res/android"
3    package="com.itoktoni.coldstorage.debug"
4    android:versionCode="1"
5    android:versionName="1.0.0" >
6
7    <uses-sdk
7-->INJECTED
8        android:minSdkVersion="24"
8-->INJECTED
9        android:targetSdkVersion="36" />
9-->INJECTED
10
11    <uses-permission android:name="android.permission.INTERNET" />
11-->src\main\AndroidManifest.xml:5:5-67
11-->src\main\AndroidManifest.xml:5:22-64
12    <uses-permission android:name="android.permission.ACCESS_NETWORK_STATE" />
12-->src\main\AndroidManifest.xml:6:5-79
12-->src\main\AndroidManifest.xml:6:22-76
13    <uses-permission android:name="android.permission.CAMERA" />
13-->src\main\AndroidManifest.xml:7:5-65
13-->src\main\AndroidManifest.xml:7:22-62
14    <uses-permission android:name="android.permission.READ_PHONE_STATE" />
14-->src\main\AndroidManifest.xml:8:5-75
14-->src\main\AndroidManifest.xml:8:22-72
15    <uses-permission android:name="android.permission.ACCESS_FINE_LOCATION" />
15-->src\main\AndroidManifest.xml:9:5-79
15-->src\main\AndroidManifest.xml:9:22-76
16    <uses-permission android:name="android.permission.ACCESS_COARSE_LOCATION" />
16-->src\main\AndroidManifest.xml:10:5-81
16-->src\main\AndroidManifest.xml:10:22-78
17    <uses-permission
17-->src\main\AndroidManifest.xml:11:5-12:38
18        android:name="android.permission.WRITE_EXTERNAL_STORAGE"
18-->src\main\AndroidManifest.xml:11:22-78
19        android:maxSdkVersion="28" />
19-->src\main\AndroidManifest.xml:12:9-35
20    <uses-permission android:name="android.permission.POST_NOTIFICATIONS" />
20-->src\main\AndroidManifest.xml:13:5-77
20-->src\main\AndroidManifest.xml:13:22-74
21    <uses-permission android:name="android.permission.RECEIVE_BOOT_COMPLETED" />
21-->src\main\AndroidManifest.xml:14:5-81
21-->src\main\AndroidManifest.xml:14:22-78
22    <uses-permission android:name="android.permission.WAKE_LOCK" />
22-->src\main\AndroidManifest.xml:15:5-68
22-->src\main\AndroidManifest.xml:15:22-65
23    <uses-permission android:name="android.permission.VIBRATE" />
23-->src\main\AndroidManifest.xml:16:5-66
23-->src\main\AndroidManifest.xml:16:22-63
24    <uses-permission android:name="android.permission.SCHEDULE_EXACT_ALARM" />
24-->src\main\AndroidManifest.xml:17:5-79
24-->src\main\AndroidManifest.xml:17:22-76
25    <uses-permission android:name="android.permission.USE_EXACT_ALARM" />
25-->src\main\AndroidManifest.xml:18:5-74
25-->src\main\AndroidManifest.xml:18:22-71
26    <uses-permission
26-->src\main\AndroidManifest.xml:19:5-95
27        android:name="android.permission.BLUETOOTH"
27-->src\main\AndroidManifest.xml:19:22-65
28        android:maxSdkVersion="30" />
28-->src\main\AndroidManifest.xml:19:66-92
29    <uses-permission
29-->src\main\AndroidManifest.xml:20:5-101
30        android:name="android.permission.BLUETOOTH_ADMIN"
30-->src\main\AndroidManifest.xml:20:22-71
31        android:maxSdkVersion="30" />
31-->src\main\AndroidManifest.xml:20:72-98
32    <uses-permission android:name="android.permission.BLUETOOTH_CONNECT" />
32-->src\main\AndroidManifest.xml:21:5-76
32-->src\main\AndroidManifest.xml:21:22-73
33    <uses-permission
33-->src\main\AndroidManifest.xml:22:5-120
34        android:name="android.permission.BLUETOOTH_SCAN"
34-->src\main\AndroidManifest.xml:22:22-70
35        android:usesPermissionFlags="neverForLocation" />
35-->src\main\AndroidManifest.xml:22:71-117
36
37    <uses-feature
37-->src\main\AndroidManifest.xml:23:5-85
38        android:name="android.hardware.camera"
38-->src\main\AndroidManifest.xml:23:19-57
39        android:required="false" />
39-->src\main\AndroidManifest.xml:23:58-82
40    <uses-feature
40-->src\main\AndroidManifest.xml:24:5-95
41        android:name="android.hardware.camera.autofocus"
41-->src\main\AndroidManifest.xml:24:19-67
42        android:required="false" />
42-->src\main\AndroidManifest.xml:24:68-92
43    <uses-feature
43-->src\main\AndroidManifest.xml:25:5-88
44        android:name="android.hardware.bluetooth"
44-->src\main\AndroidManifest.xml:25:19-60
45        android:required="false" />
45-->src\main\AndroidManifest.xml:25:61-85
46
47    <!-- Required by older versions of Google Play services to create IID tokens -->
48    <uses-permission android:name="com.google.android.c2dm.permission.RECEIVE" />
48-->[com.google.firebase:firebase-messaging:24.1.0] AndroidManifest.xml:26:5-82
48-->[com.google.firebase:firebase-messaging:24.1.0] AndroidManifest.xml:26:22-79
49    <uses-permission android:name="android.permission.FOREGROUND_SERVICE" />
49-->[androidx.work:work-runtime:2.10.0] AndroidManifest.xml:26:5-77
49-->[androidx.work:work-runtime:2.10.0] AndroidManifest.xml:26:22-74
50
51    <permission
51-->[androidx.core:core:1.15.0] AndroidManifest.xml:22:5-24:47
52        android:name="com.itoktoni.coldstorage.debug.DYNAMIC_RECEIVER_NOT_EXPORTED_PERMISSION"
52-->[androidx.core:core:1.15.0] AndroidManifest.xml:23:9-81
53        android:protectionLevel="signature" />
53-->[androidx.core:core:1.15.0] AndroidManifest.xml:24:9-44
54
55    <uses-permission android:name="com.itoktoni.coldstorage.debug.DYNAMIC_RECEIVER_NOT_EXPORTED_PERMISSION" />
55-->[androidx.core:core:1.15.0] AndroidManifest.xml:26:5-97
55-->[androidx.core:core:1.15.0] AndroidManifest.xml:26:22-94
56
57    <application
57-->src\main\AndroidManifest.xml:27:5-84:19
58        android:name="com.itoktoni.coldstorage.Web2ApkApp"
58-->src\main\AndroidManifest.xml:28:9-35
59        android:allowBackup="true"
59-->src\main\AndroidManifest.xml:29:9-35
60        android:appComponentFactory="androidx.core.app.CoreComponentFactory"
60-->[androidx.core:core:1.15.0] AndroidManifest.xml:28:18-86
61        android:debuggable="true"
62        android:extractNativeLibs="false"
62-->INJECTED
63        android:icon="@mipmap/ic_launcher"
63-->src\main\AndroidManifest.xml:30:9-43
64        android:label="@string/app_name"
64-->src\main\AndroidManifest.xml:31:9-41
65        android:roundIcon="@mipmap/ic_launcher_round"
65-->src\main\AndroidManifest.xml:32:9-54
66        android:supportsRtl="true"
66-->src\main\AndroidManifest.xml:33:9-35
67        android:theme="@style/Theme.ColdStorage.Splash"
67-->src\main\AndroidManifest.xml:34:9-56
68        android:usesCleartextTraffic="true" >
68-->src\main\AndroidManifest.xml:35:9-44
69        <activity
69-->src\main\AndroidManifest.xml:38:9-46:20
70            android:name="com.itoktoni.coldstorage.SplashActivity"
70-->src\main\AndroidManifest.xml:39:13-43
71            android:exported="true"
71-->src\main\AndroidManifest.xml:40:13-36
72            android:theme="@style/Theme.ColdStorage.Splash" >
72-->src\main\AndroidManifest.xml:41:13-60
73            <intent-filter>
73-->src\main\AndroidManifest.xml:42:13-45:29
74                <action android:name="android.intent.action.MAIN" />
74-->src\main\AndroidManifest.xml:43:17-69
74-->src\main\AndroidManifest.xml:43:25-66
75
76                <category android:name="android.intent.category.LAUNCHER" />
76-->src\main\AndroidManifest.xml:44:17-77
76-->src\main\AndroidManifest.xml:44:27-74
77            </intent-filter>
78        </activity>
79        <activity
79-->src\main\AndroidManifest.xml:48:9-52:56
80            android:name="com.itoktoni.coldstorage.MainActivity"
80-->src\main\AndroidManifest.xml:49:13-41
81            android:configChanges="orientation|screenSize|keyboardHidden"
81-->src\main\AndroidManifest.xml:51:13-74
82            android:exported="false"
82-->src\main\AndroidManifest.xml:50:13-37
83            android:theme="@style/Theme.ColdStorage" />
83-->src\main\AndroidManifest.xml:52:13-53
84
85        <provider
85-->INJECTED
86            android:name="androidx.core.content.FileProvider"
86-->src\main\AndroidManifest.xml:55:13-62
87            android:authorities="com.itoktoni.coldstorage.debug.fileprovider"
87-->INJECTED
88            android:exported="false"
88-->src\main\AndroidManifest.xml:57:13-37
89            android:grantUriPermissions="true" >
89-->src\main\AndroidManifest.xml:58:13-47
90            <meta-data
90-->src\main\AndroidManifest.xml:59:13-61:54
91                android:name="android.support.FILE_PROVIDER_PATHS"
91-->src\main\AndroidManifest.xml:60:17-67
92                android:resource="@xml/file_paths" />
92-->src\main\AndroidManifest.xml:61:17-51
93        </provider>
94
95        <service
95-->src\main\AndroidManifest.xml:64:9-70:19
96            android:name="com.itoktoni.coldstorage.FcmService"
96-->src\main\AndroidManifest.xml:65:13-39
97            android:exported="false" >
97-->src\main\AndroidManifest.xml:66:13-37
98            <intent-filter>
98-->src\main\AndroidManifest.xml:67:13-69:29
99                <action android:name="com.google.firebase.MESSAGING_EVENT" />
99-->src\main\AndroidManifest.xml:68:17-78
99-->src\main\AndroidManifest.xml:68:25-75
100            </intent-filter>
101        </service>
102
103        <receiver
103-->src\main\AndroidManifest.xml:72:9-78:20
104            android:name="com.itoktoni.coldstorage.LocalNotification$NotificationReceiver"
104-->src\main\AndroidManifest.xml:73:13-67
105            android:exported="false" >
105-->src\main\AndroidManifest.xml:74:13-37
106            <intent-filter>
106-->src\main\AndroidManifest.xml:75:13-77:29
107                <action android:name="com.itoktoni.coldstorage.NOTIFICATION_ALARM" />
107-->src\main\AndroidManifest.xml:76:17-86
107-->src\main\AndroidManifest.xml:76:25-83
108            </intent-filter>
109        </receiver>
110
111        <service
111-->src\main\AndroidManifest.xml:80:9-82:40
112            android:name="org.eclipse.paho.android.service.MqttService"
112-->src\main\AndroidManifest.xml:81:13-72
113            android:exported="false" />
113-->src\main\AndroidManifest.xml:82:13-37
114        <service
114-->[com.google.firebase:firebase-messaging-ktx:24.1.0] AndroidManifest.xml:23:9-29:19
115            android:name="com.google.firebase.components.ComponentDiscoveryService"
115-->[com.google.firebase:firebase-messaging-ktx:24.1.0] AndroidManifest.xml:24:13-84
116            android:directBootAware="true"
116-->[com.google.firebase:firebase-common:21.0.0] AndroidManifest.xml:32:13-43
117            android:exported="false" >
117-->[com.google.firebase:firebase-messaging-ktx:24.1.0] AndroidManifest.xml:25:13-37
118            <meta-data
118-->[com.google.firebase:firebase-messaging-ktx:24.1.0] AndroidManifest.xml:26:13-28:85
119                android:name="com.google.firebase.components:com.google.firebase.messaging.ktx.FirebaseMessagingLegacyRegistrar"
119-->[com.google.firebase:firebase-messaging-ktx:24.1.0] AndroidManifest.xml:27:17-129
120                android:value="com.google.firebase.components.ComponentRegistrar" />
120-->[com.google.firebase:firebase-messaging-ktx:24.1.0] AndroidManifest.xml:28:17-82
121            <meta-data
121-->[com.google.firebase:firebase-messaging:24.1.0] AndroidManifest.xml:57:13-59:85
122                android:name="com.google.firebase.components:com.google.firebase.messaging.FirebaseMessagingKtxRegistrar"
122-->[com.google.firebase:firebase-messaging:24.1.0] AndroidManifest.xml:58:17-122
123                android:value="com.google.firebase.components.ComponentRegistrar" />
123-->[com.google.firebase:firebase-messaging:24.1.0] AndroidManifest.xml:59:17-82
124            <meta-data
124-->[com.google.firebase:firebase-messaging:24.1.0] AndroidManifest.xml:60:13-62:85
125                android:name="com.google.firebase.components:com.google.firebase.messaging.FirebaseMessagingRegistrar"
125-->[com.google.firebase:firebase-messaging:24.1.0] AndroidManifest.xml:61:17-119
126                android:value="com.google.firebase.components.ComponentRegistrar" />
126-->[com.google.firebase:firebase-messaging:24.1.0] AndroidManifest.xml:62:17-82
127            <meta-data
127-->[com.google.firebase:firebase-installations:18.0.0] AndroidManifest.xml:15:13-17:85
128                android:name="com.google.firebase.components:com.google.firebase.installations.FirebaseInstallationsKtxRegistrar"
128-->[com.google.firebase:firebase-installations:18.0.0] AndroidManifest.xml:16:17-130
129                android:value="com.google.firebase.components.ComponentRegistrar" />
129-->[com.google.firebase:firebase-installations:18.0.0] AndroidManifest.xml:17:17-82
130            <meta-data
130-->[com.google.firebase:firebase-installations:18.0.0] AndroidManifest.xml:18:13-20:85
131                android:name="com.google.firebase.components:com.google.firebase.installations.FirebaseInstallationsRegistrar"
131-->[com.google.firebase:firebase-installations:18.0.0] AndroidManifest.xml:19:17-127
132                android:value="com.google.firebase.components.ComponentRegistrar" />
132-->[com.google.firebase:firebase-installations:18.0.0] AndroidManifest.xml:20:17-82
133            <meta-data
133-->[com.google.firebase:firebase-common-ktx:21.0.0] AndroidManifest.xml:12:13-14:85
134                android:name="com.google.firebase.components:com.google.firebase.ktx.FirebaseCommonLegacyRegistrar"
134-->[com.google.firebase:firebase-common-ktx:21.0.0] AndroidManifest.xml:13:17-116
135                android:value="com.google.firebase.components.ComponentRegistrar" />
135-->[com.google.firebase:firebase-common-ktx:21.0.0] AndroidManifest.xml:14:17-82
136            <meta-data
136-->[com.google.firebase:firebase-common:21.0.0] AndroidManifest.xml:35:13-37:85
137                android:name="com.google.firebase.components:com.google.firebase.FirebaseCommonKtxRegistrar"
137-->[com.google.firebase:firebase-common:21.0.0] AndroidManifest.xml:36:17-109
138                android:value="com.google.firebase.components.ComponentRegistrar" />
138-->[com.google.firebase:firebase-common:21.0.0] AndroidManifest.xml:37:17-82
139            <meta-data
139-->[com.google.firebase:firebase-datatransport:18.2.0] AndroidManifest.xml:25:13-27:85
140                android:name="com.google.firebase.components:com.google.firebase.datatransport.TransportRegistrar"
140-->[com.google.firebase:firebase-datatransport:18.2.0] AndroidManifest.xml:26:17-115
141                android:value="com.google.firebase.components.ComponentRegistrar" />
141-->[com.google.firebase:firebase-datatransport:18.2.0] AndroidManifest.xml:27:17-82
142        </service>
143
144        <receiver
144-->[com.google.firebase:firebase-messaging:24.1.0] AndroidManifest.xml:29:9-40:20
145            android:name="com.google.firebase.iid.FirebaseInstanceIdReceiver"
145-->[com.google.firebase:firebase-messaging:24.1.0] AndroidManifest.xml:30:13-78
146            android:exported="true"
146-->[com.google.firebase:firebase-messaging:24.1.0] AndroidManifest.xml:31:13-36
147            android:permission="com.google.android.c2dm.permission.SEND" >
147-->[com.google.firebase:firebase-messaging:24.1.0] AndroidManifest.xml:32:13-73
148            <intent-filter>
148-->[com.google.firebase:firebase-messaging:24.1.0] AndroidManifest.xml:33:13-35:29
149                <action android:name="com.google.android.c2dm.intent.RECEIVE" />
149-->[com.google.firebase:firebase-messaging:24.1.0] AndroidManifest.xml:34:17-81
149-->[com.google.firebase:firebase-messaging:24.1.0] AndroidManifest.xml:34:25-78
150            </intent-filter>
151
152            <meta-data
152-->[com.google.firebase:firebase-messaging:24.1.0] AndroidManifest.xml:37:13-39:40
153                android:name="com.google.android.gms.cloudmessaging.FINISHED_AFTER_HANDLED"
153-->[com.google.firebase:firebase-messaging:24.1.0] AndroidManifest.xml:38:17-92
154                android:value="true" />
154-->[com.google.firebase:firebase-messaging:24.1.0] AndroidManifest.xml:39:17-37
155        </receiver>
156        <!--
157             FirebaseMessagingService performs security checks at runtime,
158             but set to not exported to explicitly avoid allowing another app to call it.
159        -->
160        <service
160-->[com.google.firebase:firebase-messaging:24.1.0] AndroidManifest.xml:46:9-53:19
161            android:name="com.google.firebase.messaging.FirebaseMessagingService"
161-->[com.google.firebase:firebase-messaging:24.1.0] AndroidManifest.xml:47:13-82
162            android:directBootAware="true"
162-->[com.google.firebase:firebase-messaging:24.1.0] AndroidManifest.xml:48:13-43
163            android:exported="false" >
163-->[com.google.firebase:firebase-messaging:24.1.0] AndroidManifest.xml:49:13-37
164            <intent-filter android:priority="-500" >
164-->src\main\AndroidManifest.xml:67:13-69:29
165                <action android:name="com.google.firebase.MESSAGING_EVENT" />
165-->src\main\AndroidManifest.xml:68:17-78
165-->src\main\AndroidManifest.xml:68:25-75
166            </intent-filter>
167        </service>
168
169        <activity
169-->[com.google.android.gms:play-services-base:18.5.0] AndroidManifest.xml:5:9-173
170            android:name="com.google.android.gms.common.api.GoogleApiActivity"
170-->[com.google.android.gms:play-services-base:18.5.0] AndroidManifest.xml:5:19-85
171            android:exported="false"
171-->[com.google.android.gms:play-services-base:18.5.0] AndroidManifest.xml:5:146-170
172            android:theme="@android:style/Theme.Translucent.NoTitleBar" />
172-->[com.google.android.gms:play-services-base:18.5.0] AndroidManifest.xml:5:86-145
173
174        <provider
174-->[com.google.firebase:firebase-common:21.0.0] AndroidManifest.xml:23:9-28:39
175            android:name="com.google.firebase.provider.FirebaseInitProvider"
175-->[com.google.firebase:firebase-common:21.0.0] AndroidManifest.xml:24:13-77
176            android:authorities="com.itoktoni.coldstorage.debug.firebaseinitprovider"
176-->[com.google.firebase:firebase-common:21.0.0] AndroidManifest.xml:25:13-72
177            android:directBootAware="true"
177-->[com.google.firebase:firebase-common:21.0.0] AndroidManifest.xml:26:13-43
178            android:exported="false"
178-->[com.google.firebase:firebase-common:21.0.0] AndroidManifest.xml:27:13-37
179            android:initOrder="100" />
179-->[com.google.firebase:firebase-common:21.0.0] AndroidManifest.xml:28:13-36
180        <provider
180-->[androidx.work:work-runtime:2.10.0] AndroidManifest.xml:29:9-37:20
181            android:name="androidx.startup.InitializationProvider"
181-->[androidx.work:work-runtime:2.10.0] AndroidManifest.xml:30:13-67
182            android:authorities="com.itoktoni.coldstorage.debug.androidx-startup"
182-->[androidx.work:work-runtime:2.10.0] AndroidManifest.xml:31:13-68
183            android:exported="false" >
183-->[androidx.work:work-runtime:2.10.0] AndroidManifest.xml:32:13-37
184            <meta-data
184-->[androidx.work:work-runtime:2.10.0] AndroidManifest.xml:34:13-36:52
185                android:name="androidx.work.WorkManagerInitializer"
185-->[androidx.work:work-runtime:2.10.0] AndroidManifest.xml:35:17-68
186                android:value="androidx.startup" />
186-->[androidx.work:work-runtime:2.10.0] AndroidManifest.xml:36:17-49
187            <meta-data
187-->[androidx.emoji2:emoji2:1.3.0] AndroidManifest.xml:29:13-31:52
188                android:name="androidx.emoji2.text.EmojiCompatInitializer"
188-->[androidx.emoji2:emoji2:1.3.0] AndroidManifest.xml:30:17-75
189                android:value="androidx.startup" />
189-->[androidx.emoji2:emoji2:1.3.0] AndroidManifest.xml:31:17-49
190            <meta-data
190-->[androidx.lifecycle:lifecycle-process:2.6.2] AndroidManifest.xml:29:13-31:52
191                android:name="androidx.lifecycle.ProcessLifecycleInitializer"
191-->[androidx.lifecycle:lifecycle-process:2.6.2] AndroidManifest.xml:30:17-78
192                android:value="androidx.startup" />
192-->[androidx.lifecycle:lifecycle-process:2.6.2] AndroidManifest.xml:31:17-49
193            <meta-data
193-->[androidx.profileinstaller:profileinstaller:1.4.0] AndroidManifest.xml:29:13-31:52
194                android:name="androidx.profileinstaller.ProfileInstallerInitializer"
194-->[androidx.profileinstaller:profileinstaller:1.4.0] AndroidManifest.xml:30:17-85
195                android:value="androidx.startup" />
195-->[androidx.profileinstaller:profileinstaller:1.4.0] AndroidManifest.xml:31:17-49
196        </provider>
197
198        <service
198-->[androidx.work:work-runtime:2.10.0] AndroidManifest.xml:39:9-45:35
199            android:name="androidx.work.impl.background.systemalarm.SystemAlarmService"
199-->[androidx.work:work-runtime:2.10.0] AndroidManifest.xml:40:13-88
200            android:directBootAware="false"
200-->[androidx.work:work-runtime:2.10.0] AndroidManifest.xml:41:13-44
201            android:enabled="@bool/enable_system_alarm_service_default"
201-->[androidx.work:work-runtime:2.10.0] AndroidManifest.xml:42:13-72
202            android:exported="false" />
202-->[androidx.work:work-runtime:2.10.0] AndroidManifest.xml:43:13-37
203        <service
203-->[androidx.work:work-runtime:2.10.0] AndroidManifest.xml:46:9-52:35
204            android:name="androidx.work.impl.background.systemjob.SystemJobService"
204-->[androidx.work:work-runtime:2.10.0] AndroidManifest.xml:47:13-84
205            android:directBootAware="false"
205-->[androidx.work:work-runtime:2.10.0] AndroidManifest.xml:48:13-44
206            android:enabled="@bool/enable_system_job_service_default"
206-->[androidx.work:work-runtime:2.10.0] AndroidManifest.xml:49:13-70
207            android:exported="true"
207-->[androidx.work:work-runtime:2.10.0] AndroidManifest.xml:50:13-36
208            android:permission="android.permission.BIND_JOB_SERVICE" />
208-->[androidx.work:work-runtime:2.10.0] AndroidManifest.xml:51:13-69
209        <service
209-->[androidx.work:work-runtime:2.10.0] AndroidManifest.xml:53:9-59:35
210            android:name="androidx.work.impl.foreground.SystemForegroundService"
210-->[androidx.work:work-runtime:2.10.0] AndroidManifest.xml:54:13-81
211            android:directBootAware="false"
211-->[androidx.work:work-runtime:2.10.0] AndroidManifest.xml:55:13-44
212            android:enabled="@bool/enable_system_foreground_service_default"
212-->[androidx.work:work-runtime:2.10.0] AndroidManifest.xml:56:13-77
213            android:exported="false" />
213-->[androidx.work:work-runtime:2.10.0] AndroidManifest.xml:57:13-37
214
215        <receiver
215-->[androidx.work:work-runtime:2.10.0] AndroidManifest.xml:61:9-66:35
216            android:name="androidx.work.impl.utils.ForceStopRunnable$BroadcastReceiver"
216-->[androidx.work:work-runtime:2.10.0] AndroidManifest.xml:62:13-88
217            android:directBootAware="false"
217-->[androidx.work:work-runtime:2.10.0] AndroidManifest.xml:63:13-44
218            android:enabled="true"
218-->[androidx.work:work-runtime:2.10.0] AndroidManifest.xml:64:13-35
219            android:exported="false" />
219-->[androidx.work:work-runtime:2.10.0] AndroidManifest.xml:65:13-37
220        <receiver
220-->[androidx.work:work-runtime:2.10.0] AndroidManifest.xml:67:9-77:20
221            android:name="androidx.work.impl.background.systemalarm.ConstraintProxy$BatteryChargingProxy"
221-->[androidx.work:work-runtime:2.10.0] AndroidManifest.xml:68:13-106
222            android:directBootAware="false"
222-->[androidx.work:work-runtime:2.10.0] AndroidManifest.xml:69:13-44
223            android:enabled="false"
223-->[androidx.work:work-runtime:2.10.0] AndroidManifest.xml:70:13-36
224            android:exported="false" >
224-->[androidx.work:work-runtime:2.10.0] AndroidManifest.xml:71:13-37
225            <intent-filter>
225-->[androidx.work:work-runtime:2.10.0] AndroidManifest.xml:73:13-76:29
226                <action android:name="android.intent.action.ACTION_POWER_CONNECTED" />
226-->[androidx.work:work-runtime:2.10.0] AndroidManifest.xml:74:17-87
226-->[androidx.work:work-runtime:2.10.0] AndroidManifest.xml:74:25-84
227                <action android:name="android.intent.action.ACTION_POWER_DISCONNECTED" />
227-->[androidx.work:work-runtime:2.10.0] AndroidManifest.xml:75:17-90
227-->[androidx.work:work-runtime:2.10.0] AndroidManifest.xml:75:25-87
228            </intent-filter>
229        </receiver>
230        <receiver
230-->[androidx.work:work-runtime:2.10.0] AndroidManifest.xml:78:9-88:20
231            android:name="androidx.work.impl.background.systemalarm.ConstraintProxy$BatteryNotLowProxy"
231-->[androidx.work:work-runtime:2.10.0] AndroidManifest.xml:79:13-104
232            android:directBootAware="false"
232-->[androidx.work:work-runtime:2.10.0] AndroidManifest.xml:80:13-44
233            android:enabled="false"
233-->[androidx.work:work-runtime:2.10.0] AndroidManifest.xml:81:13-36
234            android:exported="false" >
234-->[androidx.work:work-runtime:2.10.0] AndroidManifest.xml:82:13-37
235            <intent-filter>
235-->[androidx.work:work-runtime:2.10.0] AndroidManifest.xml:84:13-87:29
236                <action android:name="android.intent.action.BATTERY_OKAY" />
236-->[androidx.work:work-runtime:2.10.0] AndroidManifest.xml:85:17-77
236-->[androidx.work:work-runtime:2.10.0] AndroidManifest.xml:85:25-74
237                <action android:name="android.intent.action.BATTERY_LOW" />
237-->[androidx.work:work-runtime:2.10.0] AndroidManifest.xml:86:17-76
237-->[androidx.work:work-runtime:2.10.0] AndroidManifest.xml:86:25-73
238            </intent-filter>
239        </receiver>
240        <receiver
240-->[androidx.work:work-runtime:2.10.0] AndroidManifest.xml:89:9-99:20
241            android:name="androidx.work.impl.background.systemalarm.ConstraintProxy$StorageNotLowProxy"
241-->[androidx.work:work-runtime:2.10.0] AndroidManifest.xml:90:13-104
242            android:directBootAware="false"
242-->[androidx.work:work-runtime:2.10.0] AndroidManifest.xml:91:13-44
243            android:enabled="false"
243-->[androidx.work:work-runtime:2.10.0] AndroidManifest.xml:92:13-36
244            android:exported="false" >
244-->[androidx.work:work-runtime:2.10.0] AndroidManifest.xml:93:13-37
245            <intent-filter>
245-->[androidx.work:work-runtime:2.10.0] AndroidManifest.xml:95:13-98:29
246                <action android:name="android.intent.action.DEVICE_STORAGE_LOW" />
246-->[androidx.work:work-runtime:2.10.0] AndroidManifest.xml:96:17-83
246-->[androidx.work:work-runtime:2.10.0] AndroidManifest.xml:96:25-80
247                <action android:name="android.intent.action.DEVICE_STORAGE_OK" />
247-->[androidx.work:work-runtime:2.10.0] AndroidManifest.xml:97:17-82
247-->[androidx.work:work-runtime:2.10.0] AndroidManifest.xml:97:25-79
248            </intent-filter>
249        </receiver>
250        <receiver
250-->[androidx.work:work-runtime:2.10.0] AndroidManifest.xml:100:9-109:20
251            android:name="androidx.work.impl.background.systemalarm.ConstraintProxy$NetworkStateProxy"
251-->[androidx.work:work-runtime:2.10.0] AndroidManifest.xml:101:13-103
252            android:directBootAware="false"
252-->[androidx.work:work-runtime:2.10.0] AndroidManifest.xml:102:13-44
253            android:enabled="false"
253-->[androidx.work:work-runtime:2.10.0] AndroidManifest.xml:103:13-36
254            android:exported="false" >
254-->[androidx.work:work-runtime:2.10.0] AndroidManifest.xml:104:13-37
255            <intent-filter>
255-->[androidx.work:work-runtime:2.10.0] AndroidManifest.xml:106:13-108:29
256                <action android:name="android.net.conn.CONNECTIVITY_CHANGE" />
256-->[androidx.work:work-runtime:2.10.0] AndroidManifest.xml:107:17-79
256-->[androidx.work:work-runtime:2.10.0] AndroidManifest.xml:107:25-76
257            </intent-filter>
258        </receiver>
259        <receiver
259-->[androidx.work:work-runtime:2.10.0] AndroidManifest.xml:110:9-121:20
260            android:name="androidx.work.impl.background.systemalarm.RescheduleReceiver"
260-->[androidx.work:work-runtime:2.10.0] AndroidManifest.xml:111:13-88
261            android:directBootAware="false"
261-->[androidx.work:work-runtime:2.10.0] AndroidManifest.xml:112:13-44
262            android:enabled="false"
262-->[androidx.work:work-runtime:2.10.0] AndroidManifest.xml:113:13-36
263            android:exported="false" >
263-->[androidx.work:work-runtime:2.10.0] AndroidManifest.xml:114:13-37
264            <intent-filter>
264-->[androidx.work:work-runtime:2.10.0] AndroidManifest.xml:116:13-120:29
265                <action android:name="android.intent.action.BOOT_COMPLETED" />
265-->[androidx.work:work-runtime:2.10.0] AndroidManifest.xml:117:17-79
265-->[androidx.work:work-runtime:2.10.0] AndroidManifest.xml:117:25-76
266                <action android:name="android.intent.action.TIME_SET" />
266-->[androidx.work:work-runtime:2.10.0] AndroidManifest.xml:118:17-73
266-->[androidx.work:work-runtime:2.10.0] AndroidManifest.xml:118:25-70
267                <action android:name="android.intent.action.TIMEZONE_CHANGED" />
267-->[androidx.work:work-runtime:2.10.0] AndroidManifest.xml:119:17-81
267-->[androidx.work:work-runtime:2.10.0] AndroidManifest.xml:119:25-78
268            </intent-filter>
269        </receiver>
270        <receiver
270-->[androidx.work:work-runtime:2.10.0] AndroidManifest.xml:122:9-131:20
271            android:name="androidx.work.impl.background.systemalarm.ConstraintProxyUpdateReceiver"
271-->[androidx.work:work-runtime:2.10.0] AndroidManifest.xml:123:13-99
272            android:directBootAware="false"
272-->[androidx.work:work-runtime:2.10.0] AndroidManifest.xml:124:13-44
273            android:enabled="@bool/enable_system_alarm_service_default"
273-->[androidx.work:work-runtime:2.10.0] AndroidManifest.xml:125:13-72
274            android:exported="false" >
274-->[androidx.work:work-runtime:2.10.0] AndroidManifest.xml:126:13-37
275            <intent-filter>
275-->[androidx.work:work-runtime:2.10.0] AndroidManifest.xml:128:13-130:29
276                <action android:name="androidx.work.impl.background.systemalarm.UpdateProxies" />
276-->[androidx.work:work-runtime:2.10.0] AndroidManifest.xml:129:17-98